

################################################################################
#
# Using COMB-PSO - KNN: Iteration 06
# Nathan Fox
# 7/9/2018 12:31
#
################################################################################


Parameters
----------
  Number of Particles (npart)              : 100
  Acceleration Constant 1 (c1)             : 2.10
  Acceleration Constant 2 (c2)             : 2.10
  Acceleration Constant 3 (c3)             : 2.10
  Available Features (ndim)                : 190
  Fitness Function Terms and Weights       : {
                                               accuracy     : 0.3
                                               sensitivity  : 0.5
                                               low_number   : 0.2
                                             }
  Position Bounds (x_bounds)               : (-6.0, 6.0)
  Velocity Bounds (v_bounds)               : (-3.0, 1.5)
  Inertia Bounds (w_bounds)                : (0.4, 0.9)
  End Time (t_bounds[1])                   : 200

  feature data : data/data.csv
  target data  : data/target.csv

Results
-------

  Archived Best
  =============
  Number of Features                       : 18
  Fitness (a_fitness                       : 0.6963
  Accuracy                                 : 0.8128
  Sensitivity                              : 0.5429
  Specificity                              : 0.9184

  Null Subsets                             : 0 / 20000 (Occurrences/Total Checks)

Final Re-Check 10-Fold Cross Validation Confusion Matrices:

[[[ 16.   3.]
  [  6.   2.]]

 [[ 18.   1.]
  [  2.   6.]]

 [[ 18.   1.]
  [  3.   4.]]

 [[ 18.   1.]
  [  3.   4.]]

 [[ 13.   5.]
  [  5.   2.]]

 [[ 17.   1.]
  [  4.   3.]]

 [[ 17.   1.]
  [  2.   5.]]

 [[ 17.   1.]
  [  1.   6.]]

 [[ 18.   0.]
  [  7.   0.]]

 [[ 17.   1.]
  [  0.   7.]]]

      Accuracy    |  Sensitivity  |  Specificity 
    ---------------------------------------------
       0.6667     |    0.2500     |    0.8421    
       0.8889     |    0.7500     |    0.9474    
       0.8462     |    0.5714     |    0.9474    
       0.8462     |    0.5714     |    0.9474    
       0.6000     |    0.2857     |    0.7222    
       0.8000     |    0.4286     |    0.9444    
       0.8800     |    0.7143     |    0.9444    
       0.9200     |    0.8571     |    0.9444    
       0.7200     |    0.0000     |    1.0000    
       0.9600     |    1.0000     |    0.9444    
    ---------------------------------------------
                        Means                    
    ---------------------------------------------
       0.8128     |    0.5429     |    0.9184    

  Selected Features:

    CDK6
    CSNK1G3
    DCLK2
    DDR2
    EGFR
    EPHB3
    FLT3
    HCK
    MST4
    PI4KB
    PIM3
    PRKAA2
    PRKD3
    PTK2B
    ROCK2
    SIK2
    STK3
    TSSK1B

  Runtime                                  : 0h 6m 2s


Output Files
------------
  var_by_time.csv                : This is a csv file that holds the values of
                                   several variables as they vary over time
                                   during a single run of the algorithm. Each
                                   row represents a single time, each column is
                                   a single variable. The first row is a header
                                   row and contains labels for all the columns
                                   except the first one, which is time. It is
                                   expected that the time column will be used as
                                   an index in any DataFrames used to process
                                   this file and so no column label was given.

  abinary.csv                    : This is a csv file that holds the boolean
                                   vector returned as the optimum feature subset
                                   by the algorithm. It is a list of values
                                   where each value is either a 0 or 1. In the
                                   order given in the original data set or in
                                   the label vector, if the value is a 0, the
                                   feature is excluded. If the value is a 1, the
                                   feature is included.

  cpso_script.py                 : This is the version of cpso.py that was used
                                   to generate this particular run of the
                                   algorithm.

--------------------------------------------------------------------------------
|                              End of Experiment                               |
--------------------------------------------------------------------------------
