

################################################################################
#
# Using COMB-PSO - KNN: Iteration 07
# Nathan Fox
# 7/9/2018 12:32
#
################################################################################


Parameters
----------
  Number of Particles (npart)              : 100
  Acceleration Constant 1 (c1)             : 2.10
  Acceleration Constant 2 (c2)             : 2.10
  Acceleration Constant 3 (c3)             : 2.10
  Available Features (ndim)                : 190
  Fitness Function Terms and Weights       : {
                                               accuracy     : 0.3
                                               sensitivity  : 0.5
                                               low_number   : 0.2
                                             }
  Position Bounds (x_bounds)               : (-6.0, 6.0)
  Velocity Bounds (v_bounds)               : (-3.0, 1.5)
  Inertia Bounds (w_bounds)                : (0.4, 0.9)
  End Time (t_bounds[1])                   : 200

  feature data : data/data.csv
  target data  : data/target.csv

Results
-------

  Archived Best
  =============
  Number of Features                       : 21
  Fitness (a_fitness                       : 0.6935
  Accuracy                                 : 0.7752
  Sensitivity                              : 0.5661
  Specificity                              : 0.8553

  Null Subsets                             : 0 / 20000 (Occurrences/Total Checks)

Final Re-Check 10-Fold Cross Validation Confusion Matrices:

[[[ 10.   9.]
  [  3.   5.]]

 [[ 13.   6.]
  [  2.   6.]]

 [[ 18.   1.]
  [  2.   5.]]

 [[ 17.   2.]
  [  3.   4.]]

 [[ 14.   4.]
  [  4.   3.]]

 [[ 17.   1.]
  [  6.   1.]]

 [[ 18.   0.]
  [  4.   3.]]

 [[ 16.   2.]
  [  1.   6.]]

 [[ 18.   0.]
  [  6.   1.]]

 [[ 16.   2.]
  [  0.   7.]]]

      Accuracy    |  Sensitivity  |  Specificity 
    ---------------------------------------------
       0.5556     |    0.6250     |    0.5263    
       0.7037     |    0.7500     |    0.6842    
       0.8846     |    0.7143     |    0.9474    
       0.8077     |    0.5714     |    0.8947    
       0.6800     |    0.4286     |    0.7778    
       0.7200     |    0.1429     |    0.9444    
       0.8400     |    0.4286     |    1.0000    
       0.8800     |    0.8571     |    0.8889    
       0.7600     |    0.1429     |    1.0000    
       0.9200     |    1.0000     |    0.8889    
    ---------------------------------------------
                        Means                    
    ---------------------------------------------
       0.7752     |    0.5661     |    0.8553    

  Selected Features:

    CHEK1
    CHUK
    EGFR
    EPHA4
    EPHB3
    EPHB4
    ERBB4
    FLT4
    GSK3B
    KDR
    MAPK14
    MAPKAPK3
    NEK7
    NTRK2
    PRKG1
    RET
    ROS1
    RPS6KA1
    SGK3
    SIK2
    TTK

  Runtime                                  : 0h 6m 29s


Output Files
------------
  var_by_time.csv                : This is a csv file that holds the values of
                                   several variables as they vary over time
                                   during a single run of the algorithm. Each
                                   row represents a single time, each column is
                                   a single variable. The first row is a header
                                   row and contains labels for all the columns
                                   except the first one, which is time. It is
                                   expected that the time column will be used as
                                   an index in any DataFrames used to process
                                   this file and so no column label was given.

  abinary.csv                    : This is a csv file that holds the boolean
                                   vector returned as the optimum feature subset
                                   by the algorithm. It is a list of values
                                   where each value is either a 0 or 1. In the
                                   order given in the original data set or in
                                   the label vector, if the value is a 0, the
                                   feature is excluded. If the value is a 1, the
                                   feature is included.

  cpso_script.py                 : This is the version of cpso.py that was used
                                   to generate this particular run of the
                                   algorithm.

--------------------------------------------------------------------------------
|                              End of Experiment                               |
--------------------------------------------------------------------------------
