

################################################################################
#
# 100 Runs of KNN 04
# Nathan Fox
# 7/17/2018 13:07
#
################################################################################


Parameters
----------
  Number of Particles (npart)              : 100
  Acceleration Constant 1 (c1)             : 2.10
  Acceleration Constant 2 (c2)             : 2.10
  Acceleration Constant 3 (c3)             : 2.10
  Available Features (ndim)                : 190
  Fitness Function Terms and Weights       : {
                                               accuracy     : 0.3
                                               sensitivity  : 0.5
                                               low_number   : 0.2
                                             }
  Position Bounds (x_bounds)               : (-6.0, 6.0)
  Velocity Bounds (v_bounds)               : (-3.0, 1.5)
  Inertia Bounds (w_bounds)                : (0.4, 0.9)
  End Time (t_bounds[1])                   : 200

  feature data : data/data.csv
  target data  : data/target.csv

Results
-------

  Archived Best
  =============
  Number of Features                       : 33
  Fitness (a_fitness                       : 0.7270
  Accuracy                                 : 0.8041
  Sensitivity                              : 0.6411
  Specificity                              : 0.8687

  Null Subsets                             : 0 / 20000 (Occurrences/Total Checks)

Final Re-Check 10-Fold Cross Validation Confusion Matrices:

[[[ 18.   1.]
  [  3.   5.]]

 [[ 16.   3.]
  [  3.   5.]]

 [[ 17.   2.]
  [  5.   2.]]

 [[ 15.   4.]
  [  1.   6.]]

 [[ 15.   3.]
  [  6.   1.]]

 [[ 16.   2.]
  [  4.   3.]]

 [[ 15.   3.]
  [  1.   6.]]

 [[ 15.   3.]
  [  4.   3.]]

 [[ 15.   3.]
  [  2.   5.]]

 [[ 15.   3.]
  [  2.   5.]]]

      Accuracy    |  Sensitivity  |  Specificity 
    ---------------------------------------------
       0.8519     |    0.6250     |    0.9474    
       0.7778     |    0.6250     |    0.8421    
       0.7308     |    0.2857     |    0.8947    
       0.8077     |    0.8571     |    0.7895    
       0.6400     |    0.1429     |    0.8333    
       0.7600     |    0.4286     |    0.8889    
       0.8400     |    0.8571     |    0.8333    
       0.7200     |    0.4286     |    0.8333    
       0.8000     |    0.7143     |    0.8333    
       0.8000     |    0.7143     |    0.8333    
    ---------------------------------------------
                        Means                    
    ---------------------------------------------
       0.7728     |    0.5679     |    0.8529    

  Selected Features:

    AURKA
    BMX
    CDK1
    CHEK2
    CSNK1A1
    CSNK1G2
    DDR2
    EGFR
    EPHA3
    ERBB4
    FER
    FGR
    FLT3
    FLT4
    GSK3A
    IRAK4
    JAK2
    LTK
    MAPK12
    MARK4
    MKNK2
    NTRK3
    PAK6
    PIK3CA
    PRKG1
    PRKX
    ROCK1
    RPS6KA3
    RPS6KA5
    SIK2
    STK3
    TEK
    TXK

  Runtime                                  : 5h 56m 38s


Output Files
------------
  var_by_time.csv                : This is a csv file that holds the values of
                                   several variables as they vary over time
                                   during a single run of the algorithm. Each
                                   row represents a single time, each column is
                                   a single variable. The first row is a header
                                   row and contains labels for all the columns
                                   except the first one, which is time. It is
                                   expected that the time column will be used as
                                   an index in any DataFrames used to process
                                   this file and so no column label was given.

  abinary.csv                    : This is a csv file that holds the boolean
                                   vector returned as the optimum feature subset
                                   by the algorithm. It is a list of values
                                   where each value is either a 0 or 1. In the
                                   order given in the original data set or in
                                   the label vector, if the value is a 0, the
                                   feature is excluded. If the value is a 1, the
                                   feature is included.

  cpso_script.py                 : This is the version of cpso.py that was used
                                   to generate this particular run of the
                                   algorithm.

--------------------------------------------------------------------------------
|                              End of Experiment                               |
--------------------------------------------------------------------------------
