

################################################################################
#
# Using COMB-PSO - First Run: Iteration 08
# Nathan Fox
# 7/9/2018 12:19
#
################################################################################


Parameters
----------
  Number of Particles (npart)              : 100
  Acceleration Constant 1 (c1)             : 2.10
  Acceleration Constant 2 (c2)             : 2.10
  Acceleration Constant 3 (c3)             : 2.10
  Available Features (ndim)                : 190
  Fitness Function Terms and Weights       : {
                                               accuracy     : 0.1
                                               sensitivity  : 0.7
                                               low_number   : 0.2
                                             }
  Position Bounds (x_bounds)               : (-6.0, 6.0)
  Velocity Bounds (v_bounds)               : (-3.0, 1.5)
  Inertia Bounds (w_bounds)                : (0.4, 0.9)
  End Time (t_bounds[1])                   : 200

  feature data : data/data.csv
  target data  : data/target.csv

Results
-------

  Archived Best
  =============
  Number of Features                       : 3
  Fitness (a_fitness                       : 0.5648
  Accuracy                                 : 0.7667
  Sensitivity                              : 0.4161
  Specificity                              : 0.9029

  Null Subsets                             : 165 / 20000 (Occurrences/Total Checks)

Final Re-Check 10-Fold Cross Validation Confusion Matrices:

[[[ 12.   7.]
  [  5.   3.]]

 [[ 17.   2.]
  [  4.   4.]]

 [[ 19.   0.]
  [  5.   2.]]

 [[ 18.   1.]
  [  3.   4.]]

 [[ 16.   2.]
  [  7.   0.]]

 [[ 17.   1.]
  [  6.   1.]]

 [[ 17.   1.]
  [  5.   2.]]

 [[ 16.   2.]
  [  1.   6.]]

 [[ 16.   2.]
  [  3.   4.]]

 [[ 18.   0.]
  [  3.   4.]]]

      Accuracy    |  Sensitivity  |  Specificity 
    ---------------------------------------------
       0.5556     |    0.3750     |    0.6316    
       0.7778     |    0.5000     |    0.8947    
       0.8077     |    0.2857     |    1.0000    
       0.8462     |    0.5714     |    0.9474    
       0.6400     |    0.0000     |    0.8889    
       0.7200     |    0.1429     |    0.9444    
       0.7600     |    0.2857     |    0.9444    
       0.8800     |    0.8571     |    0.8889    
       0.8000     |    0.5714     |    0.8889    
       0.8800     |    0.5714     |    1.0000    
    ---------------------------------------------
                        Means                    
    ---------------------------------------------
       0.7667     |    0.4161     |    0.9029    

  Selected Features:

    MAPK11
    SRMS
    STK4

  Runtime                                  : 0h 14m 6s


Output Files
------------
  var_by_time.csv                : This is a csv file that holds the values of
                                   several variables as they vary over time
                                   during a single run of the algorithm. Each
                                   row represents a single time, each column is
                                   a single variable. The first row is a header
                                   row and contains labels for all the columns
                                   except the first one, which is time. It is
                                   expected that the time column will be used as
                                   an index in any DataFrames used to process
                                   this file and so no column label was given.

  abinary.csv                    : This is a csv file that holds the boolean
                                   vector returned as the optimum feature subset
                                   by the algorithm. It is a list of values
                                   where each value is either a 0 or 1. In the
                                   order given in the original data set or in
                                   the label vector, if the value is a 0, the
                                   feature is excluded. If the value is a 1, the
                                   feature is included.

  cpso_script.py                 : This is the version of cpso.py that was used
                                   to generate this particular run of the
                                   algorithm.

--------------------------------------------------------------------------------
|                              End of Experiment                               |
--------------------------------------------------------------------------------
