

################################################################################
#
# 100 Runs of KNN 65
# Nathan Fox
# 7/18/2018 0:50
#
################################################################################


Parameters
----------
  Number of Particles (npart)              : 100
  Acceleration Constant 1 (c1)             : 2.10
  Acceleration Constant 2 (c2)             : 2.10
  Acceleration Constant 3 (c3)             : 2.10
  Available Features (ndim)                : 190
  Fitness Function Terms and Weights       : {
                                               accuracy     : 0.3
                                               sensitivity  : 0.5
                                               low_number   : 0.2
                                             }
  Position Bounds (x_bounds)               : (-6.0, 6.0)
  Velocity Bounds (v_bounds)               : (-3.0, 1.5)
  Inertia Bounds (w_bounds)                : (0.4, 0.9)
  End Time (t_bounds[1])                   : 200

  feature data : data/data.csv
  target data  : data/target.csv

Results
-------

  Archived Best
  =============
  Number of Features                       : 27
  Fitness (a_fitness                       : 0.7437
  Accuracy                                 : 0.8326
  Sensitivity                              : 0.6446
  Specificity                              : 0.9070

  Null Subsets                             : 0 / 20000 (Occurrences/Total Checks)

Final Re-Check 10-Fold Cross Validation Confusion Matrices:

[[[ 17.   2.]
  [  1.   7.]]

 [[ 18.   1.]
  [  2.   6.]]

 [[ 18.   1.]
  [  4.   3.]]

 [[ 19.   0.]
  [  5.   2.]]

 [[ 16.   2.]
  [  2.   5.]]

 [[ 16.   2.]
  [  3.   4.]]

 [[ 16.   2.]
  [  4.   3.]]

 [[ 16.   2.]
  [  1.   6.]]

 [[ 17.   1.]
  [  1.   6.]]

 [[ 15.   3.]
  [  3.   4.]]]

      Accuracy    |  Sensitivity  |  Specificity 
    ---------------------------------------------
       0.8889     |    0.8750     |    0.8947    
       0.8889     |    0.7500     |    0.9474    
       0.8077     |    0.4286     |    0.9474    
       0.8077     |    0.2857     |    1.0000    
       0.8400     |    0.7143     |    0.8889    
       0.8000     |    0.5714     |    0.8889    
       0.7600     |    0.4286     |    0.8889    
       0.8800     |    0.8571     |    0.8889    
       0.9200     |    0.8571     |    0.9444    
       0.7600     |    0.5714     |    0.8333    
    ---------------------------------------------
                        Means                    
    ---------------------------------------------
       0.8353     |    0.6339     |    0.9123    

  Selected Features:

    AKT2
    BLK
    CDK3
    CHUK
    DYRK1A
    EGFR
    EPHB2
    FGFR4
    FGR
    FLT3
    IKBKB
    MAP4K4
    MAPKAPK5
    NEK6
    NEK9
    PAK3
    PDPK1
    PRKCB
    ROCK2
    ROS1
    RPS6KA6
    RPS6KB1
    SGK3
    SIK2
    STK3
    TBK1
    TTK

  Runtime                                  : 5h 52m 1s


Output Files
------------
  var_by_time.csv                : This is a csv file that holds the values of
                                   several variables as they vary over time
                                   during a single run of the algorithm. Each
                                   row represents a single time, each column is
                                   a single variable. The first row is a header
                                   row and contains labels for all the columns
                                   except the first one, which is time. It is
                                   expected that the time column will be used as
                                   an index in any DataFrames used to process
                                   this file and so no column label was given.

  abinary.csv                    : This is a csv file that holds the boolean
                                   vector returned as the optimum feature subset
                                   by the algorithm. It is a list of values
                                   where each value is either a 0 or 1. In the
                                   order given in the original data set or in
                                   the label vector, if the value is a 0, the
                                   feature is excluded. If the value is a 1, the
                                   feature is included.

  cpso_script.py                 : This is the version of cpso.py that was used
                                   to generate this particular run of the
                                   algorithm.

--------------------------------------------------------------------------------
|                              End of Experiment                               |
--------------------------------------------------------------------------------
