

################################################################################
#
# 100 Runs of KNN 49
# Nathan Fox
# 7/17/2018 18:59
#
################################################################################


Parameters
----------
  Number of Particles (npart)              : 100
  Acceleration Constant 1 (c1)             : 2.10
  Acceleration Constant 2 (c2)             : 2.10
  Acceleration Constant 3 (c3)             : 2.10
  Available Features (ndim)                : 190
  Fitness Function Terms and Weights       : {
                                               accuracy     : 0.3
                                               sensitivity  : 0.5
                                               low_number   : 0.2
                                             }
  Position Bounds (x_bounds)               : (-6.0, 6.0)
  Velocity Bounds (v_bounds)               : (-3.0, 1.5)
  Inertia Bounds (w_bounds)                : (0.4, 0.9)
  End Time (t_bounds[1])                   : 200

  feature data : data/data.csv
  target data  : data/target.csv

Results
-------

  Archived Best
  =============
  Number of Features                       : 31
  Fitness (a_fitness                       : 0.7146
  Accuracy                                 : 0.8061
  Sensitivity                              : 0.6107
  Specificity                              : 0.8819

  Null Subsets                             : 0 / 20000 (Occurrences/Total Checks)

Final Re-Check 10-Fold Cross Validation Confusion Matrices:

[[[ 14.   5.]
  [  3.   5.]]

 [[ 17.   2.]
  [  1.   7.]]

 [[ 16.   3.]
  [  4.   3.]]

 [[ 17.   2.]
  [  1.   6.]]

 [[ 17.   1.]
  [  5.   2.]]

 [[ 16.   2.]
  [  2.   5.]]

 [[ 16.   2.]
  [  3.   4.]]

 [[ 14.   4.]
  [  3.   4.]]

 [[ 13.   5.]
  [  3.   4.]]

 [[ 18.   0.]
  [  4.   3.]]]

      Accuracy    |  Sensitivity  |  Specificity 
    ---------------------------------------------
       0.7037     |    0.6250     |    0.7368    
       0.8889     |    0.8750     |    0.8947    
       0.7308     |    0.4286     |    0.8421    
       0.8846     |    0.8571     |    0.8947    
       0.7600     |    0.2857     |    0.9444    
       0.8400     |    0.7143     |    0.8889    
       0.8000     |    0.5714     |    0.8889    
       0.7200     |    0.5714     |    0.7778    
       0.6800     |    0.5714     |    0.7222    
       0.8400     |    0.4286     |    1.0000    
    ---------------------------------------------
                        Means                    
    ---------------------------------------------
       0.7848     |    0.5929     |    0.8591    

  Selected Features:

    BRSK1
    BTK
    CAMK4
    CDK5
    CLK3
    CSK
    CSNK1G2
    DDR2
    EGFR
    FLT3
    GSK3A
    INSRR
    JAK2
    KDR
    MAP2K1
    MAP4K2
    MAPKAPK3
    MELK
    MST1R
    PAK6
    PI4KB
    PRKCB
    PRKD2
    PRKD3
    ROCK2
    RPS6KA4
    RPS6KA5
    SGK2
    SIK2
    STK4
    TYK2

  Runtime                                  : 5h 51m 45s


Output Files
------------
  var_by_time.csv                : This is a csv file that holds the values of
                                   several variables as they vary over time
                                   during a single run of the algorithm. Each
                                   row represents a single time, each column is
                                   a single variable. The first row is a header
                                   row and contains labels for all the columns
                                   except the first one, which is time. It is
                                   expected that the time column will be used as
                                   an index in any DataFrames used to process
                                   this file and so no column label was given.

  abinary.csv                    : This is a csv file that holds the boolean
                                   vector returned as the optimum feature subset
                                   by the algorithm. It is a list of values
                                   where each value is either a 0 or 1. In the
                                   order given in the original data set or in
                                   the label vector, if the value is a 0, the
                                   feature is excluded. If the value is a 1, the
                                   feature is included.

  cpso_script.py                 : This is the version of cpso.py that was used
                                   to generate this particular run of the
                                   algorithm.

--------------------------------------------------------------------------------
|                              End of Experiment                               |
--------------------------------------------------------------------------------
