

################################################################################
#
# Playing with Parameters - 5 - Reversed Fitness
# Nathan Fox
# 6/21/2018 16:28
#
################################################################################


Parameters
----------
  Number of Particles (npart)              : 100
  Acceleration Constant 1 (c1)             : 2.00
  Acceleration Constant 2 (c2)             : 1.50
  Acceleration Constant 3 (c3)             : 2.50
  Available Features (ndim)                : 190
  Fitness Weight Constant (alpha)          : 0.75
  Data Fraction Used As Test (test_size)   : 0.33
  Position Bounds (x_bounds)               : (-6.0, 6.0)
  Velocity Bounds (v_bounds)               : (-2.0, 4.0)
  Inertia Bounds (w_bounds)                : (0.4, 1.5)
  End Time (t_bounds[1])                   : 300

  feature data : data/data.csv
  target data  : data/target.csv

Results
-------

  Archived Best
  =============
  Number of Features                       : 188
  Fitness (a_fitness                       : 0.5291
  Classifier Score on TRAINING DATA        : 0.7020
  Classifier Score on TEST DATA            : 0.7533

  10-Fold Cross Validation Scores:

    0.7
    0.7777777777777778
    0.7777777777777778
    0.7777777777777778
    0.75
    0.75
    0.75
    0.75
    0.75
    0.75

  Selected Features:

    ABL1
    ABL2
    AKT1
    AKT2
    AKT3
    ALK
    AURKA
    AURKB
    AURKC
    AXL
    BMX
    BRAF
    BRSK1
    BRSK2
    BTK
    CAMK1D
    CAMK2A
    CAMK2D
    CAMK4
    CDC42BPA
    CDC42BPB
    CDK1
    CDK2
    CDK3
    CDK4
    CDK5
    CDK6
    CHEK1
    CHEK2
    CHUK
    CLK2
    CLK3
    CSF1R
    CSK
    CSNK1A1
    CSNK1G1
    CSNK1G2
    CSNK1G3
    DAPK1
    DCLK2
    DDR2
    DYRK1A
    DYRK1B
    DYRK2
    EGFR
    EPHA2
    EPHA3
    EPHA4
    EPHB2
    EPHB3
    EPHB4
    ERBB2
    ERBB4
    FER
    FES
    FGFR1
    FGFR2
    FGFR3
    FGFR4
    FGR
    FLT1
    FLT3
    FLT4
    FRK
    FYN
    GRK6
    GSK3A
    GSK3B
    HCK
    HIPK1
    IGF1R
    IKBKB
    IKBKE
    INSR
    INSRR
    IRAK4
    ITK
    JAK1
    JAK2
    JAK3
    KDR
    KIT
    LCK
    LRRK2
    LTK
    LYN
    MAP2K1
    MAP4K2
    MAP4K4
    MAPK11
    MAPK12
    MAPK13
    MAPK14
    MAPK3
    MAPK9
    MAPKAPK2
    MAPKAPK3
    MAPKAPK5
    MARK1
    MARK2
    MARK3
    MARK4
    MELK
    MERTK
    MET
    MINK1
    MKNK1
    MKNK2
    MST1R
    MST4
    MUSK
    NEK1
    NEK2
    NEK6
    NEK7
    NEK9
    NTRK1
    NTRK2
    NTRK3
    NUAK1
    PAK1
    PAK2
    PAK3
    PAK6
    PAK7
    PASK
    PDGFRA
    PDGFRB
    PDPK1
    PHKG1
    PHKG2
    PI4KB
    PIK3CA
    PIK3CD
    PIM1
    PIM2
    PIM3
    PLK1
    PRKAA2
    PRKACA
    PRKCA
    PRKCB
    PRKCG
    PRKD1
    PRKD2
    PRKD3
    PRKG1
    PRKG2
    PRKX
    PTK2B
    PTK6
    RAF1
    RET
    ROCK1
    ROCK2
    ROS1
    RPS6KA1
    RPS6KA2
    RPS6KA3
    RPS6KA4
    RPS6KA5
    RPS6KA6
    RPS6KB1
    SGK1
    SGK2
    SGK3
    SIK1
    SIK2
    SRC
    SRMS
    SRPK1
    SRPK3
    STK10
    STK3
    STK4
    SYK
    TBK1
    TEC
    TEK
    TNK2
    TSSK1B
    TSSK2
    TTK
    TXK
    TYK2
    TYRO3
    YES1
    ZAP70

  Runtime                                  : 0h 35m 24s


Output Files
------------
  var_by_time.csv                : This is a csv file that holds the values of
                                   several variables as they vary over time
                                   during a single run of the algorithm. Each
                                   row represents a single time, each column is
                                   a single variable. The first row is a header
                                   row and contains labels for all the columns
                                   except the first one, which is time. It is
                                   expected that the time column will be used as
                                   an index in any DataFrames used to process
                                   this file and so no column label was given.

  abinary.csv                    : This is a csv file that holds the boolean
                                   vector returned as the optimum feature subset
                                   by the algorithm. It is a list of values
                                   where each value is either a 0 or 1. In the
                                   order given in the original data set or in
                                   the label vector, if the value is a 0, the
                                   feature is excluded. If the value is a 1, the
                                   feature is included.

  pickled_trained_classifier     : This is the trained classifier using the
                                   subset, abinary, of the randomly selected
                                   training data subsetted from the full feature
                                   data.

  X_train.csv                    : This is the subset of the feature data
                                   provided that was used as training data for
                                   the algorithm.

  y_train.csv                    : This is the subset of the target data
                                   provided that was used as training data for
                                   the algorithm.

  X_test.csv                     : This is the subset of the feature data
                                   provided that was used as testing data for
                                   the algorithm.

  y_test.csv                     : This is the subset of the target data
                                   provided that was used as testing data for
                                   the algorithm.

--------------------------------------------------------------------------------
  End of Experiment
--------------------------------------------------------------------------------
