

################################################################################
#
# 100 Runs of KNN 96
# Nathan Fox
# 7/18/2018 6:41
#
################################################################################


Parameters
----------
  Number of Particles (npart)              : 100
  Acceleration Constant 1 (c1)             : 2.10
  Acceleration Constant 2 (c2)             : 2.10
  Acceleration Constant 3 (c3)             : 2.10
  Available Features (ndim)                : 190
  Fitness Function Terms and Weights       : {
                                               accuracy     : 0.3
                                               sensitivity  : 0.5
                                               low_number   : 0.2
                                             }
  Position Bounds (x_bounds)               : (-6.0, 6.0)
  Velocity Bounds (v_bounds)               : (-3.0, 1.5)
  Inertia Bounds (w_bounds)                : (0.4, 0.9)
  End Time (t_bounds[1])                   : 200

  feature data : data/data.csv
  target data  : data/target.csv

Results
-------

  Archived Best
  =============
  Number of Features                       : 24
  Fitness (a_fitness                       : 0.7336
  Accuracy                                 : 0.8242
  Sensitivity                              : 0.6232
  Specificity                              : 0.9026

  Null Subsets                             : 0 / 20000 (Occurrences/Total Checks)

Final Re-Check 10-Fold Cross Validation Confusion Matrices:

[[[ 18.   1.]
  [  4.   4.]]

 [[ 18.   1.]
  [  3.   5.]]

 [[ 19.   0.]
  [  4.   3.]]

 [[ 18.   1.]
  [  4.   3.]]

 [[ 16.   2.]
  [  1.   6.]]

 [[ 15.   3.]
  [  3.   4.]]

 [[ 17.   1.]
  [  1.   6.]]

 [[ 15.   3.]
  [  4.   3.]]

 [[ 16.   2.]
  [  1.   6.]]

 [[ 17.   1.]
  [  4.   3.]]]

      Accuracy    |  Sensitivity  |  Specificity 
    ---------------------------------------------
       0.8148     |    0.5000     |    0.9474    
       0.8519     |    0.6250     |    0.9474    
       0.8462     |    0.4286     |    1.0000    
       0.8077     |    0.4286     |    0.9474    
       0.8800     |    0.8571     |    0.8889    
       0.7600     |    0.5714     |    0.8333    
       0.9200     |    0.8571     |    0.9444    
       0.7200     |    0.4286     |    0.8333    
       0.8800     |    0.8571     |    0.8889    
       0.8000     |    0.4286     |    0.9444    
    ---------------------------------------------
                        Means                    
    ---------------------------------------------
       0.8281     |    0.5982     |    0.9175    

  Selected Features:

    ABL2
    AKT2
    BRAF
    CAMK4
    CDK1
    CSF1R
    CSNK1G1
    DDR2
    EGFR
    EPHB4
    FER
    HCK
    MAPK12
    MAPKAPK3
    MUSK
    PAK6
    PIK3CD
    PRKD3
    ROCK2
    SGK1
    SIK2
    TNK2
    TSSK1B
    TTK

  Runtime                                  : 5h 52m 3s


Output Files
------------
  var_by_time.csv                : This is a csv file that holds the values of
                                   several variables as they vary over time
                                   during a single run of the algorithm. Each
                                   row represents a single time, each column is
                                   a single variable. The first row is a header
                                   row and contains labels for all the columns
                                   except the first one, which is time. It is
                                   expected that the time column will be used as
                                   an index in any DataFrames used to process
                                   this file and so no column label was given.

  abinary.csv                    : This is a csv file that holds the boolean
                                   vector returned as the optimum feature subset
                                   by the algorithm. It is a list of values
                                   where each value is either a 0 or 1. In the
                                   order given in the original data set or in
                                   the label vector, if the value is a 0, the
                                   feature is excluded. If the value is a 1, the
                                   feature is included.

  cpso_script.py                 : This is the version of cpso.py that was used
                                   to generate this particular run of the
                                   algorithm.

--------------------------------------------------------------------------------
|                              End of Experiment                               |
--------------------------------------------------------------------------------
