

################################################################################
#
# Using COMB-PSO - KNN: Iteration 00
# Nathan Fox
# 7/9/2018 12:32
#
################################################################################


Parameters
----------
  Number of Particles (npart)              : 100
  Acceleration Constant 1 (c1)             : 2.10
  Acceleration Constant 2 (c2)             : 2.10
  Acceleration Constant 3 (c3)             : 2.10
  Available Features (ndim)                : 190
  Fitness Function Terms and Weights       : {
                                               accuracy     : 0.3
                                               sensitivity  : 0.5
                                               low_number   : 0.2
                                             }
  Position Bounds (x_bounds)               : (-6.0, 6.0)
  Velocity Bounds (v_bounds)               : (-3.0, 1.5)
  Inertia Bounds (w_bounds)                : (0.4, 0.9)
  End Time (t_bounds[1])                   : 200

  feature data : data/data.csv
  target data  : data/target.csv

Results
-------

  Archived Best
  =============
  Number of Features                       : 18
  Fitness (a_fitness                       : 0.6982
  Accuracy                                 : 0.8249
  Sensitivity                              : 0.5393
  Specificity                              : 0.9354

  Null Subsets                             : 0 / 20000 (Occurrences/Total Checks)

Final Re-Check 10-Fold Cross Validation Confusion Matrices:

[[[ 13.   6.]
  [  4.   4.]]

 [[ 18.   1.]
  [  2.   6.]]

 [[ 19.   0.]
  [  3.   4.]]

 [[ 19.   0.]
  [  4.   3.]]

 [[ 16.   2.]
  [  5.   2.]]

 [[ 17.   1.]
  [  6.   1.]]

 [[ 18.   0.]
  [  1.   6.]]

 [[ 18.   0.]
  [  2.   5.]]

 [[ 18.   0.]
  [  6.   1.]]

 [[ 16.   2.]
  [  0.   7.]]]

      Accuracy    |  Sensitivity  |  Specificity 
    ---------------------------------------------
       0.6296     |    0.5000     |    0.6842    
       0.8889     |    0.7500     |    0.9474    
       0.8846     |    0.5714     |    1.0000    
       0.8462     |    0.4286     |    1.0000    
       0.7200     |    0.2857     |    0.8889    
       0.7200     |    0.1429     |    0.9444    
       0.9600     |    0.8571     |    1.0000    
       0.9200     |    0.7143     |    1.0000    
       0.7600     |    0.1429     |    1.0000    
       0.9200     |    1.0000     |    0.8889    
    ---------------------------------------------
                        Means                    
    ---------------------------------------------
       0.8249     |    0.5393     |    0.9354    

  Selected Features:

    ALK
    AXL
    DYRK1B
    EGFR
    MAPK11
    MAPK12
    MAPK3
    MAPKAPK3
    MAPKAPK5
    PI4KB
    PIK3CD
    PRKACA
    ROCK2
    RPS6KA1
    SRC
    TEC
    TYRO3
    ZAP70

  Runtime                                  : 0h 6m 42s


Output Files
------------
  var_by_time.csv                : This is a csv file that holds the values of
                                   several variables as they vary over time
                                   during a single run of the algorithm. Each
                                   row represents a single time, each column is
                                   a single variable. The first row is a header
                                   row and contains labels for all the columns
                                   except the first one, which is time. It is
                                   expected that the time column will be used as
                                   an index in any DataFrames used to process
                                   this file and so no column label was given.

  abinary.csv                    : This is a csv file that holds the boolean
                                   vector returned as the optimum feature subset
                                   by the algorithm. It is a list of values
                                   where each value is either a 0 or 1. In the
                                   order given in the original data set or in
                                   the label vector, if the value is a 0, the
                                   feature is excluded. If the value is a 1, the
                                   feature is included.

  cpso_script.py                 : This is the version of cpso.py that was used
                                   to generate this particular run of the
                                   algorithm.

--------------------------------------------------------------------------------
|                              End of Experiment                               |
--------------------------------------------------------------------------------
